[debug] ----------------------------------------------------------------------
[debug] Command:      /usr/local/bin/node /usr/local/bin/firebase serve
[debug] CLI Version:  3.0.0
[debug] Platform:     darwin
[debug] Node Version: v5.9.1
[debug] Time:         Wed Jun 22 2016 16:02:19 GMT-0300 (ART)
[debug] ----------------------------------------------------------------------
[debug] 
[info] Starting Firebase development server...
[info] 
[info] Project Directory: /Users/mpunx/Desktop/notes/devrock-notes
[info] Public Directory: public
[info] 
[info] Server listening at: http://localhost:5000
[debug] ----------------------------------------------------------------------
[debug] Command:      /usr/local/bin/node /usr/local/bin/firebase serve
[debug] CLI Version:  3.0.0
[debug] Platform:     darwin
[debug] Node Version: v5.9.1
[debug] Time:         Wed Jun 22 2016 16:09:07 GMT-0300 (ART)
[debug] ----------------------------------------------------------------------
[debug] 
[info] Starting Firebase development server...
[info] 
[info] Project Directory: /Users/mpunx/Desktop/notes/devrock-notes
[info] Public Directory: public
[info] 
[info] Server listening at: http://localhost:5000
